mode: set
github.com/danielkolbe/connectfour/game/board.go:22.32,23.20 1 1
github.com/danielkolbe/connectfour/game/board.go:26.2,26.43 1 1
github.com/danielkolbe/connectfour/game/board.go:23.20,25.3 1 0
github.com/danielkolbe/connectfour/game/board.go:29.24,31.2 1 1
github.com/danielkolbe/connectfour/game/board.go:33.43,35.33 1 1
github.com/danielkolbe/connectfour/game/board.go:39.2,39.48 1 1
github.com/danielkolbe/connectfour/game/board.go:45.2,46.12 2 1
github.com/danielkolbe/connectfour/game/board.go:35.33,37.3 1 1
github.com/danielkolbe/connectfour/game/board.go:39.48,40.36 1 1
github.com/danielkolbe/connectfour/game/board.go:40.36,42.9 2 1
github.com/danielkolbe/connectfour/game/game.go:12.54,14.34 2 1
github.com/danielkolbe/connectfour/game/game.go:20.2,21.31 2 1
github.com/danielkolbe/connectfour/game/game.go:25.2,25.26 1 1
github.com/danielkolbe/connectfour/game/game.go:14.34,16.3 1 1
github.com/danielkolbe/connectfour/game/game.go:16.8,19.3 2 1
github.com/danielkolbe/connectfour/game/game.go:21.31,23.3 1 1
github.com/danielkolbe/connectfour/api/handlers.go:13.53,16.17 3 1
github.com/danielkolbe/connectfour/api/handlers.go:21.2,21.35 1 1
github.com/danielkolbe/connectfour/api/handlers.go:16.17,20.3 3 1
github.com/danielkolbe/connectfour/api/handlers.go:21.35,24.3 2 0
github.com/danielkolbe/connectfour/api/handlers.go:27.62,29.16 2 1
github.com/danielkolbe/connectfour/api/handlers.go:37.2,37.16 1 1
github.com/danielkolbe/connectfour/api/handlers.go:29.16,36.3 3 1
github.com/danielkolbe/connectfour/api/router.go:8.30,13.2 4 1
